This is XeTeX, Version 3.14159265-2.6-0.99992 (TeX Live 2015/Debian) (preloaded format=xelatex 2018.1.22)  23 JUL 2022 07:56
entering extended mode
 restricted \write18 enabled.
 %&-line parsing enabled.
**main.tex -output-directory=build
(./main.tex
LaTeX2e <2016/02/01>
Babel <3.9q> and hyphenation patterns for 81 language(s) loaded.

! LaTeX Error: File `ctexbeamer.cls' not found.

Type X to quit or <RETURN> to proceed,
or enter new name. (Default extension: cls)

Enter file name: 
! Undefined control sequence.
<recently read> \mode 
                      
l.5 \mode
         <presentation>
? 

! LaTeX Error: Missing \begin{document}.

See the LaTeX manual or LaTeX Companion for explanation.
Type  H <return>  for immediate help.
 ...                                              
                                                  
l.5 \mode<
          presentation>
? 
Missing character: There is no < in font nullfont!
Missing character: There is no p in font nullfont!
Missing character: There is no r in font nullfont!
Missing character: There is no e in font nullfont!
Missing character: There is no s in font nullfont!
Missing character: There is no e in font nullfont!
Missing character: There is no n in font nullfont!
Missing character: There is no t in font nullfont!
Missing character: There is no a in font nullfont!
Missing character: There is no t in font nullfont!
Missing character: There is no i in font nullfont!
Missing character: There is no o in font nullfont!
Missing character: There is no n in font nullfont!
Missing character: There is no > in font nullfont!

Overfull \hbox (20.0pt too wide) in paragraph at lines 5--6
[] 
 []

! Undefined control sequence.
l.7 \usetheme
             [min,light,blue]{sjtubeamer}
? 

! LaTeX Error: Missing \begin{document}.

See the LaTeX manual or LaTeX Companion for explanation.
Type  H <return>  for immediate help.
 ...                                              
                                                  
l.7 \usetheme[
              min,light,blue]{sjtubeamer}
? 
Missing character: There is no [ in font nullfont!
Missing character: There is no m in font nullfont!
Missing character: There is no i in font nullfont!
Missing character: There is no n in font nullfont!
Missing character: There is no , in font nullfont!
Missing character: There is no l in font nullfont!
Missing character: There is no i in font nullfont!
Missing character: There is no g in font nullfont!
Missing character: There is no h in font nullfont!
Missing character: There is no t in font nullfont!
Missing character: There is no , in font nullfont!
Missing character: There is no b in font nullfont!
Missing character: There is no l in font nullfont!
Missing character: There is no u in font nullfont!
Missing character: There is no e in font nullfont!
Missing character: There is no ] in font nullfont!
Missing character: There is no s in font nullfont!
Missing character: There is no j in font nullfont!
Missing character: There is no t in font nullfont!
Missing character: There is no u in font nullfont!
Missing character: There is no b in font nullfont!
Missing character: There is no e in font nullfont!
Missing character: There is no a in font nullfont!
Missing character: There is no m in font nullfont!
Missing character: There is no e in font nullfont!
Missing character: There is no r in font nullfont!

Overfull \hbox (20.0pt too wide) in paragraph at lines 7--15
[] 
 []

(/usr/share/texlive/texmf-dist/tex/latex/biblatex/biblatex.sty
Package: biblatex 2016/03/03 v3.3 programmable bibliographies (PK/JW/AB)

(/usr/share/texlive/texmf-dist/tex/latex/biblatex/biblatex_.sty
Package: biblatex_ 2016/03/03 v3.3 programmable bibliographies (biber) (PK/JW/A
B)

(/usr/share/texlive/texmf-dist/tex/latex/etoolbox/etoolbox.sty
Package: etoolbox 2015/08/02 v2.2a e-TeX tools for LaTeX (JAW)
\etb@tempcnta=\count79
)
(/usr/share/texlive/texmf-dist/tex/latex/graphics/keyval.sty
Package: keyval 2014/10/28 v1.15 key=value parser (DPC)
\KV@toks@=\toks14
)
(/usr/share/texlive/texmf-dist/tex/latex/oberdiek/kvoptions.sty
Package: kvoptions 2011/06/30 v3.11 Key value format for package options (HO)

(/usr/share/texlive/texmf-dist/tex/generic/oberdiek/ltxcmds.sty
Package: ltxcmds 2011/11/09 v1.22 LaTeX kernel commands for general use (HO)
)
(/usr/share/texlive/texmf-dist/tex/generic/oberdiek/kvsetkeys.sty
Package: kvsetkeys 2012/04/25 v1.16 Key value parser (HO)

(/usr/share/texlive/texmf-dist/tex/generic/oberdiek/infwarerr.sty
Package: infwarerr 2010/04/08 v1.3 Providing info/warning/error messages (HO)
)
(/usr/share/texlive/texmf-dist/tex/generic/oberdiek/etexcmds.sty
Package: etexcmds 2011/02/16 v1.5 Avoid name clashes with e-TeX commands (HO)

(/usr/share/texlive/texmf-dist/tex/generic/oberdiek/ifluatex.sty
Package: ifluatex 2010/03/01 v1.3 Provides the ifluatex switch (HO)
Package ifluatex Info: LuaTeX not detected.
)
Package etexcmds Info: Could not find \expanded.
(etexcmds)             That can mean that you are not using pdfTeX 1.50 or
(etexcmds)             that some package has redefined \expanded.
(etexcmds)             In the latter case, load this package earlier.
)))
(/usr/share/texlive/texmf-dist/tex/latex/logreq/logreq.sty
Package: logreq 2010/08/04 v1.0 xml request logger
\lrq@indent=\count80

(/usr/share/texlive/texmf-dist/tex/latex/logreq/logreq.def
File: logreq.def 2010/08/04 v1.0 logreq spec v1.0
))
(/usr/share/texlive/texmf-dist/tex/latex/base/ifthen.sty
Package: ifthen 2014/09/29 v1.1c Standard LaTeX ifthen package (DPC)
)
(/usr/share/texlive/texmf-dist/tex/latex/url/url.sty
\Urlmuskip=\muskip10
Package: url 2013/09/16  ver 3.4  Verb mode for urls, etc.
)
\c@tabx@nest=\count81
\c@listtotal=\count82
\c@listcount=\count83
\c@liststart=\count84
\c@liststop=\count85
\c@citecount=\count86
\c@citetotal=\count87
\c@multicitecount=\count88
\c@multicitetotal=\count89
\c@instcount=\count90
\c@maxnames=\count91
\c@minnames=\count92
\c@maxitems=\count93
\c@minitems=\count94
\c@citecounter=\count95
\c@savedcitecounter=\count96
\c@uniquelist=\count97
\c@uniquename=\count98
\c@refsection=\count99
\c@refsegment=\count100
\c@maxextratitle=\count101
\c@maxextratitleyear=\count102
\c@maxextrayear=\count103
\c@maxextraalpha=\count104
\c@abbrvpenalty=\count105
\c@highnamepenalty=\count106
\c@lownamepenalty=\count107
\c@maxparens=\count108
\c@parenlevel=\count109
\blx@tempcnta=\count110
\blx@tempcntb=\count111
\blx@tempcntc=\count112
\blx@maxsection=\count113
\blx@maxsegment@0=\count114
\blx@notetype=\count115
\blx@parenlevel@text=\count116
\blx@parenlevel@foot=\count117
\blx@sectionciteorder@0=\count118
\labelnumberwidth=\skip41
\labelalphawidth=\skip42
\biblabelsep=\skip43
\bibitemsep=\skip44
\bibnamesep=\skip45
\bibinitsep=\skip46
\bibparsep=\skip47
\bibhang=\skip48
\blx@bcfin=\read1
\blx@bcfout=\write3
\c@mincomprange=\count119
\c@maxcomprange=\count120
\c@mincompwidth=\count121
Package biblatex Info: Trying to load biblatex default data model...
Package biblatex Info: ... file 'blx-dm.def' found.

(/usr/share/texlive/texmf-dist/tex/latex/biblatex/blx-dm.def)
Package biblatex Info: Trying to load biblatex style data model...
Package biblatex Info: ... file 'gb7714-2015.dbx' not found.
Package biblatex Info: Trying to load biblatex custom data model...
Package biblatex Info: ... file 'biblatex-dm.cfg' not found.
\c@afterword=\count122
\c@savedafterword=\count123
\c@annotator=\count124
\c@savedannotator=\count125
\c@author=\count126
\c@savedauthor=\count127
\c@bookauthor=\count128
\c@savedbookauthor=\count129
\c@commentator=\count130
\c@savedcommentator=\count131
\c@editor=\count132
\c@savededitor=\count133
\c@editora=\count134
\c@savededitora=\count135
\c@editorb=\count136
\c@savededitorb=\count137
\c@editorc=\count138
\c@savededitorc=\count139
\c@foreword=\count140
\c@savedforeword=\count141
\c@holder=\count142
\c@savedholder=\count143
\c@introduction=\count144
\c@savedintroduction=\count145
\c@namea=\count146
\c@savednamea=\count147
\c@nameb=\count148
\c@savednameb=\count149
\c@namec=\count150
\c@savednamec=\count151
\c@translator=\count152
\c@savedtranslator=\count153
\c@shortauthor=\count154
\c@savedshortauthor=\count155
\c@shorteditor=\count156
\c@savedshorteditor=\count157
\c@labelname=\count158
\c@savedlabelname=\count159
\c@institution=\count160
\c@savedinstitution=\count161
\c@lista=\count162
\c@savedlista=\count163
\c@listb=\count164
\c@savedlistb=\count165
\c@listc=\count166
\c@savedlistc=\count167
\c@listd=\count168
\c@savedlistd=\count169
\c@liste=\count170
\c@savedliste=\count171
\c@listf=\count172
\c@savedlistf=\count173
\c@location=\count174
\c@savedlocation=\count175
\c@organization=\count176
\c@savedorganization=\count177
\c@origlocation=\count178
\c@savedoriglocation=\count179
\c@origpublisher=\count180
\c@savedorigpublisher=\count181
\c@publisher=\count182
\c@savedpublisher=\count183
\c@language=\count184
\c@savedlanguage=\count185
\c@pageref=\count186
\c@savedpageref=\count187
\shorthandwidth=\skip49
\shortjournalwidth=\skip50
\shortserieswidth=\skip51
\shorttitlewidth=\skip52
\shortauthorwidth=\skip53
\shorteditorwidth=\skip54
Package biblatex Info: Trying to load compatibility code...
Package biblatex Info: ... file 'blx-compat.def' found.

(/usr/share/texlive/texmf-dist/tex/latex/biblatex/blx-compat.def
File: blx-compat.def 2016/03/03 v3.3 biblatex compatibility (PK/JW/AB)
)
Package biblatex Info: Trying to load generic definitions...
Package biblatex Info: ... file 'biblatex_.def' found.

(/usr/share/texlive/texmf-dist/tex/latex/biblatex/biblatex_.def
File: biblatex_.def 
\c@textcitecount=\count188
\c@textcitetotal=\count189
\c@textcitemaxnames=\count190
\c@biburlnumpenalty=\count191
\c@biburlucpenalty=\count192
\c@biburllcpenalty=\count193
\c@smartand=\count194
)
Package biblatex Info: Trying to load bibliography style 'gb7714-2015'...
Package biblatex Info: ... file 'gb7714-2015.bbx' not found.


! Package biblatex Error: Style 'gb7714-2015' not found.

See the biblatex package documentation for explanation.
Type  H <return>  for immediate help.
 ...                                              
                                                  
l.11467 \RequireBibliographyStyle{\blx@bbxfile}
                                               
? 
Package biblatex Info: Trying to load citation style 'gb7714-2015'...
Package biblatex Info: ... file 'gb7714-2015.cbx' not found.

! Package biblatex Error: Style 'gb7714-2015' not found.

See the biblatex package documentation for explanation.
Type  H <return>  for immediate help.
 ...                                              
                                                  
l.11468 \RequireCitationStyle{\blx@cbxfile}
                                           
? 
Package biblatex Info: Trying to load configuration file...
Package biblatex Info: ... file 'biblatex.cfg' found.
(/usr/share/texlive/texmf-dist/tex/latex/biblatex/biblatex.cfg
File: biblatex.cfg 
)))
! Undefined control sequence.
l.25 \subtitle
              {EuroSys 2022}       % 副标题
? 

! LaTeX Error: Missing \begin{document}.

See the LaTeX manual or LaTeX Companion for explanation.
Type  H <return>  for immediate help.
 ...                                              
                                                  
l.25 \subtitle{E
                uroSys 2022}       % 副标题
? 
Missing character: There is no E in font nullfont!
Missing character: There is no u in font nullfont!
Missing character: There is no r in font nullfont!
Missing character: There is no o in font nullfont!
Missing character: There is no S in font nullfont!
Missing character: There is no y in font nullfont!
Missing character: There is no s in font nullfont!
Missing character: There is no 2 in font nullfont!
Missing character: There is no 0 in font nullfont!
Missing character: There is no 2 in font nullfont!
Missing character: There is no 2 in font nullfont!

Overfull \hbox (20.0pt too wide) in paragraph at lines 25--28
[]
 []

Package biblatex Info: Trying to load language 'english'...
Package biblatex Info: ... file 'english.lbx' found.
(/usr/share/texlive/texmf-dist/tex/latex/biblatex/lbx/english.lbx
File: english.lbx 2016/03/03 v3.3 biblatex localization (PK/JW/AB)
)
\@quotelevel=\count195
\@quotereset=\count196
 (./main.aux
! Undefine